<?xml version="1.0" encoding="UTF-8" standalone="yes"?>
<testsuites name="Editions_TestSuite" time="47" tests="2" failures="0" errors="0">
    <testsuite name="Editions_TestSuite" tests="2" failures="0" errors="0" time="47" timestamp="2019-10-31 15:14:14" hostname="tringapps - 10.1.0.104" id="Test Suites/Editions/Editions_TestSuite">
        <properties>
            <property name="deviceName" value=""/>
            <property name="devicePlatform" value=""/>
            <property name="logFolder" value="/Users/tringapps/Katalon Studio/Eonline_US_Demo/Reports/20191031_150848/Editions/Editions_TestSuite/20191031_150849"/>
            <property name="logFiles" value="/Users/tringapps/Katalon Studio/Eonline_US_Demo/Reports/20191031_150848/Editions/Editions_TestSuite/20191031_150849/execution0.log"/>
            <property name="attachments" value=""/>
            <property name="hostName" value="tringapps - 10.1.0.104"/>
            <property name="os" value="Mac OS X 64bit"/>
            <property name="katalonVersion" value="6.3.3.11"/>
            <property name="browser" value="Chrome 78.0.3904.70"/>
            <property name="hostAddress" value="10.1.0.104"/>
            <property name="sessionId" value="039ff2b288a1181fb8938b3cf3c283ef"/>
            <property name="seleniumVersion" value="3.141.59"/>
            <property name="proxyInformation" value="ProxyInformation{proxyOption=NO_PROXY, proxyServerType=HTTP, password=, proxyServerAddress=, proxyServerPort=0}"/>
            <property name="platform" value="Mac OS X"/>
        </properties>
        <testcase name="Test Cases/EditionsDropdown/EOL_Global_Header_TC010" classname="Test Cases/EditionsDropdown/EOL_Global_Header_TC010" status="PASSED">
            <system-out>2019-10-31 15:14:14 - [TEST_CASE][PASSED] - Test Cases/EditionsDropdown/EOL_Global_Header_TC010: Test Cases/EditionsDropdown/EOL_Global_Header_TC010

2019-10-31 15:14:15 - [TEST_STEP][PASSED] - openBrowser(""): Browser is opened with url: ''

2019-10-31 15:14:15 - [MESSAGE][INFO] - Starting 'Chrome' driver

2019-10-31 15:14:16 - [MESSAGE][INFO] - Action delay is set to 0 seconds

2019-10-31 15:14:19 - [MESSAGE][PASSED] - Browser is opened with url: ''

2019-10-31 15:14:19 - [TEST_STEP][PASSED] - maximizeWindow(): Current window maximized

2019-10-31 15:14:19 - [MESSAGE][PASSED] - Current window maximized

2019-10-31 15:14:19 - [TEST_STEP][PASSED] - navigateToUrl("https://www.eonline.com/us"): Navigate to 'https://www.eonline.com/us' successfully

2019-10-31 15:14:35 - [MESSAGE][PASSED] - Navigate to 'https://www.eonline.com/us' successfully

2019-10-31 15:14:35 - [TEST_STEP][PASSED] - click(findTestObject("Page_Entertainmen/a_No Thanks")): Object: 'Object Repository/Page_Entertainmen/a_No Thanks' is clicked on

2019-10-31 15:14:36 - [MESSAGE][PASSED] - Object: 'Object Repository/Page_Entertainmen/a_No Thanks' is clicked on

2019-10-31 15:14:36 - [TEST_STEP][PASSED] - click(findTestObject("Page_Entertainmen/a_us")): Object: 'Object Repository/Page_Entertainmen/a_us' is clicked on

2019-10-31 15:14:36 - [MESSAGE][PASSED] - Object: 'Object Repository/Page_Entertainmen/a_us' is clicked on

2019-10-31 15:14:36 - [TEST_STEP][PASSED] - click(findTestObject("Object Repository/Editions_OR/Page_Entertainment News Celebrity Gossip Celebrity News  E News/a_UK")): Object: 'Object Repository/Editions_OR/Page_Entertainment News Celebrity Gossip Celebrity News  E News/a_UK' is clicked on

2019-10-31 15:14:37 - [MESSAGE][PASSED] - Object: 'Object Repository/Editions_OR/Page_Entertainment News Celebrity Gossip Celebrity News  E News/a_UK' is clicked on

2019-10-31 15:14:37 - [TEST_STEP][NOT_RUN] - click(findTestObject("Object Repository/Editions_OR/Page_Entertainment News Celebrity News Celebrity Gossip  E News UK/a_uk")): NOT_RUN: click(findTestObject("Object Repository/Editions_OR/Page_Entertainment News Celebrity News Celebrity Gossip  E News UK/a_uk"))

2019-10-31 15:14:37 - [MESSAGE][NOT_RUN] - NOT_RUN: click(findTestObject("Object Repository/Editions_OR/Page_Entertainment News Celebrity News Celebrity Gossip  E News UK/a_uk"))

2019-10-31 15:14:37 - [TEST_STEP][NOT_RUN] - click(findTestObject("Object Repository/Editions_OR/Page_Entertainment News Celebrity News Celebrity Gossip  E News UK/a_Venezuela")): NOT_RUN: click(findTestObject("Object Repository/Editions_OR/Page_Entertainment News Celebrity News Celebrity Gossip  E News UK/a_Venezuela"))

2019-10-31 15:14:37 - [MESSAGE][NOT_RUN] - NOT_RUN: click(findTestObject("Object Repository/Editions_OR/Page_Entertainment News Celebrity News Celebrity Gossip  E News UK/a_Venezuela"))

2019-10-31 15:14:37 - [TEST_STEP][PASSED] - closeBrowser(): Browser is closed

2019-10-31 15:14:37 - [MESSAGE][PASSED] - Browser is closed</system-out>
            <system-err></system-err>
        </testcase>
        <testcase name="Test Cases/EditionsDropdown/EOL_Global_Header_TC009" classname="Test Cases/EditionsDropdown/EOL_Global_Header_TC009" status="PASSED">
            <system-out>2019-10-31 15:14:39 - [TEST_CASE][PASSED] - Test Cases/EditionsDropdown/EOL_Global_Header_TC009: Test Cases/EditionsDropdown/EOL_Global_Header_TC009

2019-10-31 15:14:40 - [TEST_STEP][PASSED] - openBrowser(""): Browser is opened with url: ''

2019-10-31 15:14:40 - [MESSAGE][INFO] - Starting 'Chrome' driver

2019-10-31 15:14:41 - [MESSAGE][PASSED] - Browser is opened with url: ''

2019-10-31 15:14:41 - [TEST_STEP][PASSED] - maximizeWindow(): Current window maximized

2019-10-31 15:14:42 - [MESSAGE][PASSED] - Current window maximized

2019-10-31 15:14:42 - [TEST_STEP][PASSED] - navigateToUrl("https://www.eonline.com/us"): Navigate to 'https://www.eonline.com/us' successfully

2019-10-31 15:14:58 - [MESSAGE][PASSED] - Navigate to 'https://www.eonline.com/us' successfully

2019-10-31 15:14:58 - [TEST_STEP][PASSED] - click(findTestObject("Object Repository/Editions_OR/Page_Entertainment News Celebrity Gossip Celebrity News  E News/a_No Thanks")): Object: 'Object Repository/Editions_OR/Page_Entertainment News Celebrity Gossip Celebrity News  E News/a_No Thanks' is clicked on

2019-10-31 15:14:58 - [MESSAGE][PASSED] - Object: 'Object Repository/Editions_OR/Page_Entertainment News Celebrity Gossip Celebrity News  E News/a_No Thanks' is clicked on

2019-10-31 15:14:58 - [TEST_STEP][PASSED] - verifyElementPresent(findTestObject("Object Repository/Editions_OR/Page_Entertainment News Celebrity Gossip Celebrity News  E News/a_us"), 3): Object 'Object Repository/Editions_OR/Page_Entertainment News Celebrity Gossip Celebrity News  E News/a_us' is present

2019-10-31 15:14:58 - [MESSAGE][PASSED] - Object 'Object Repository/Editions_OR/Page_Entertainment News Celebrity Gossip Celebrity News  E News/a_us' is present

2019-10-31 15:14:58 - [TEST_STEP][PASSED] - closeBrowser(): Browser is closed

2019-10-31 15:14:59 - [MESSAGE][PASSED] - Browser is closed</system-out>
            <system-err></system-err>
        </testcase>
        <system-out>2019-10-31 15:14:14 - [TEST_SUITE][INCOMPLETE] - Editions_TestSuite: null</system-out>
        <system-err>2019-10-31 15:14:14 - [TEST_SUITE][INCOMPLETE] - Editions_TestSuite: null</system-err>
    </testsuite>
</testsuites>
