<?xml version="1.0" encoding="UTF-8" standalone="yes"?>
<testsuites name="Footer_TestSuite" time="319" tests="1" failures="1" errors="0">
    <testsuite name="Footer_TestSuite" tests="1" failures="1" errors="0" time="319" timestamp="2019-10-31 14:55:46" hostname="tringapps - 10.1.0.104" id="Test Suites/Footer/Footer_TestSuite">
        <properties>
            <property name="deviceName" value=""/>
            <property name="devicePlatform" value=""/>
            <property name="logFolder" value="/Users/tringapps/Katalon Studio/Eonline_US_Demo/Reports/20191031_145527/Footer/Footer_TestSuite/20191031_145527"/>
            <property name="logFiles" value="/Users/tringapps/Katalon Studio/Eonline_US_Demo/Reports/20191031_145527/Footer/Footer_TestSuite/20191031_145527/execution0.log"/>
            <property name="attachments" value="/Users/tringapps/Katalon Studio/Eonline_US_Demo/Reports/20191031_145527/Footer/Footer_TestSuite/20191031_145527/1572514012165.png"/>
            <property name="hostName" value="tringapps - 10.1.0.104"/>
            <property name="os" value="Mac OS X 64bit"/>
            <property name="katalonVersion" value="6.3.3.11"/>
            <property name="browser" value="Chrome 78.0.3904.70"/>
            <property name="hostAddress" value="10.1.0.104"/>
            <property name="sessionId" value="870fbab9a5185bb5f91f53c5d449c815"/>
            <property name="seleniumVersion" value="3.141.59"/>
            <property name="proxyInformation" value="ProxyInformation{proxyOption=NO_PROXY, proxyServerType=HTTP, password=, proxyServerAddress=, proxyServerPort=0}"/>
            <property name="platform" value="Mac OS X"/>
        </properties>
        <testcase name="Test Cases/Footer/EOL_Global_Footer_TC011" classname="Test Cases/Footer/EOL_Global_Footer_TC011" status="FAILED">
            <failure type="FAILED" message="Test Cases/Footer/EOL_Global_Footer_TC011 FAILED.&#xA;Reason:&#xA;com.kms.katalon.core.exception.StepFailedException: Unable to click on object 'Object Repository/Footer_OR/Page_Entertainment/Page_Entertainment/div_Work  Money7 Yoga' (Root cause: com.kms.katalon.core.exception.StepFailedException: Unable to click on object 'Object Repository/Footer_OR/Page_Entertainment/Page_Entertainment/div_Work  Money7 Yoga'&#xA;&#x9;at com.kms.katalon.core.webui.keyword.internal.WebUIKeywordMain.stepFailed(WebUIKeywordMain.groovy:64)&#xA;&#x9;at com.kms.katalon.core.webui.keyword.internal.WebUIKeywordMain.runKeyword(WebUIKeywordMain.groovy:26)&#xA;&#x9;at com.kms.katalon.core.webui.keyword.builtin.ClickKeyword.click(ClickKeyword.groovy:86)&#xA;&#x9;at com.kms.katalon.core.webui.keyword.builtin.ClickKeyword.execute(ClickKeyword.groovy:67)&#xA;&#x9;at com.kms.katalon.core.keyword.internal.KeywordExecutor.executeKeywordForPlatform(KeywordExecutor.groovy:56)&#xA;&#x9;at com.kms.katalon.core.webui.keyword.WebUiBuiltInKeywords.click(WebUiBuiltInKeywords.groovy:616)&#xA;&#x9;at com.kms.katalon.core.webui.keyword.WebUiBuiltInKeywords$click$2.call(Unknown Source)&#xA;&#x9;at EOL_Global_Footer_TC011.run(EOL_Global_Footer_TC011:25)&#xA;&#x9;at com.kms.katalon.core.main.ScriptEngine.run(ScriptEngine.java:194)&#xA;&#x9;at com.kms.katalon.core.main.ScriptEngine.runScriptAsRawText(ScriptEngine.java:119)&#xA;&#x9;at com.kms.katalon.core.main.TestCaseExecutor.runScript(TestCaseExecutor.java:337)&#xA;&#x9;at com.kms.katalon.core.main.TestCaseExecutor.doExecute(TestCaseExecutor.java:328)&#xA;&#x9;at com.kms.katalon.core.main.TestCaseExecutor.processExecutionPhase(TestCaseExecutor.java:307)&#xA;&#x9;at com.kms.katalon.core.main.TestCaseExecutor.accessMainPhase(TestCaseExecutor.java:299)&#xA;&#x9;at com.kms.katalon.core.main.TestCaseExecutor.execute(TestCaseExecutor.java:233)&#xA;&#x9;at com.kms.katalon.core.main.TestSuiteExecutor.accessTestCaseMainPhase(TestSuiteExecutor.java:169)&#xA;&#x9;at com.kms.katalon.core.main.TestSuiteExecutor.accessTestSuiteMainPhase(TestSuiteExecutor.java:142)&#xA;&#x9;at com.kms.katalon.core.main.TestSuiteExecutor.execute(TestSuiteExecutor.java:91)&#xA;&#x9;at com.kms.katalon.core.main.TestCaseMain.startTestSuite(TestCaseMain.java:157)&#xA;&#x9;at com.kms.katalon.core.main.TestCaseMain$startTestSuite$0.call(Unknown Source)&#xA;&#x9;at TempTestSuite1572513927816.run(TempTestSuite1572513927816.groovy:35)&#xA;Caused by: com.kms.katalon.core.webui.exception.WebElementNotFoundException: Web element with id: 'Object Repository/Footer_OR/Page_Entertainment/Page_Entertainment/div_Work  Money7 Yoga' located by 'By.xpath: (//div[@id='rbox-h2v'])[7]' not found&#xA;&#x9;at com.kms.katalon.core.webui.common.WebUiCommonHelper.findWebElement(WebUiCommonHelper.java:1097)&#xA;&#x9;at com.kms.katalon.core.webui.keyword.internal.WebUIAbstractKeyword.findWebElement(WebUIAbstractKeyword.groovy:27)&#xA;&#x9;at com.kms.katalon.core.webui.keyword.internal.WebUIAbstractKeyword.findWebElement(WebUIAbstractKeyword.groovy:26)&#xA;&#x9;at com.kms.katalon.core.webui.keyword.builtin.ClickKeyword$_click_closure1.doCall(ClickKeyword.groovy:77)&#xA;&#x9;at com.kms.katalon.core.webui.keyword.builtin.ClickKeyword$_click_closure1.call(ClickKeyword.groovy)&#xA;&#x9;at com.kms.katalon.core.webui.keyword.internal.WebUIKeywordMain.runKeyword(WebUIKeywordMain.groovy:20)&#xA;&#x9;at com.kms.katalon.core.webui.keyword.builtin.ClickKeyword.click(ClickKeyword.groovy:86)&#xA;&#x9;at com.kms.katalon.core.webui.keyword.builtin.ClickKeyword.execute(ClickKeyword.groovy:67)&#xA;&#x9;at com.kms.katalon.core.keyword.internal.KeywordExecutor.executeKeywordForPlatform(KeywordExecutor.groovy:56)&#xA;&#x9;at com.kms.katalon.core.webui.keyword.WebUiBuiltInKeywords.click(WebUiBuiltInKeywords.groovy:616)&#xA;&#x9;at com.kms.katalon.core.webui.keyword.WebUiBuiltInKeywords$click$2.call(Unknown Source)&#xA;&#x9;at Script1572507383138.run(Script1572507383138.groovy:25)&#xA;&#x9;... 13 more&#xA;)&#xA;&#x9;at com.kms.katalon.core.keyword.internal.KeywordMain.stepFailed(KeywordMain.groovy:39)&#xA;&#x9;at com.kms.katalon.core.webui.keyword.internal.WebUIKeywordMain.stepFailed(WebUIKeywordMain.groovy:64)&#xA;&#x9;at com.kms.katalon.core.webui.keyword.internal.WebUIKeywordMain.runKeyword(WebUIKeywordMain.groovy:26)&#xA;&#x9;at com.kms.katalon.core.webui.keyword.builtin.ClickKeyword.click(ClickKeyword.groovy:86)&#xA;&#x9;at com.kms.katalon.core.webui.keyword.builtin.ClickKeyword.execute(ClickKeyword.groovy:67)&#xA;&#x9;at com.kms.katalon.core.keyword.internal.KeywordExecutor.executeKeywordForPlatform(KeywordExecutor.groovy:56)&#xA;&#x9;at com.kms.katalon.core.webui.keyword.WebUiBuiltInKeywords.click(WebUiBuiltInKeywords.groovy:616)&#xA;&#x9;at com.kms.katalon.core.webui.keyword.WebUiBuiltInKeywords$click$2.call(Unknown Source)&#xA;&#x9;at EOL_Global_Footer_TC011.run(EOL_Global_Footer_TC011:25)&#xA;&#x9;at com.kms.katalon.core.main.ScriptEngine.run(ScriptEngine.java:194)&#xA;&#x9;at com.kms.katalon.core.main.ScriptEngine.runScriptAsRawText(ScriptEngine.java:119)&#xA;&#x9;at com.kms.katalon.core.main.TestCaseExecutor.runScript(TestCaseExecutor.java:337)&#xA;&#x9;at com.kms.katalon.core.main.TestCaseExecutor.doExecute(TestCaseExecutor.java:328)&#xA;&#x9;at com.kms.katalon.core.main.TestCaseExecutor.processExecutionPhase(TestCaseExecutor.java:307)&#xA;&#x9;at com.kms.katalon.core.main.TestCaseExecutor.accessMainPhase(TestCaseExecutor.java:299)&#xA;&#x9;at com.kms.katalon.core.main.TestCaseExecutor.execute(TestCaseExecutor.java:233)&#xA;&#x9;at com.kms.katalon.core.main.TestSuiteExecutor.accessTestCaseMainPhase(TestSuiteExecutor.java:169)&#xA;&#x9;at com.kms.katalon.core.main.TestSuiteExecutor.accessTestSuiteMainPhase(TestSuiteExecutor.java:142)&#xA;&#x9;at com.kms.katalon.core.main.TestSuiteExecutor.execute(TestSuiteExecutor.java:91)&#xA;&#x9;at com.kms.katalon.core.main.TestCaseMain.startTestSuite(TestCaseMain.java:157)&#xA;&#x9;at com.kms.katalon.core.main.TestCaseMain$startTestSuite$0.call(Unknown Source)&#xA;&#x9;at TempTestSuite1572513927816.run(TempTestSuite1572513927816.groovy:35)&#xA;Caused by: com.kms.katalon.core.exception.StepFailedException: Unable to click on object 'Object Repository/Footer_OR/Page_Entertainment/Page_Entertainment/div_Work  Money7 Yoga'&#xA;&#x9;... 21 more&#xA;Caused by: com.kms.katalon.core.webui.exception.WebElementNotFoundException: Web element with id: 'Object Repository/Footer_OR/Page_Entertainment/Page_Entertainment/div_Work  Money7 Yoga' located by 'By.xpath: (//div[@id='rbox-h2v'])[7]' not found&#xA;&#x9;at com.kms.katalon.core.webui.common.WebUiCommonHelper.findWebElement(WebUiCommonHelper.java:1097)&#xA;&#x9;at com.kms.katalon.core.webui.keyword.internal.WebUIAbstractKeyword.findWebElement(WebUIAbstractKeyword.groovy:27)&#xA;&#x9;at com.kms.katalon.core.webui.keyword.internal.WebUIAbstractKeyword.findWebElement(WebUIAbstractKeyword.groovy:26)&#xA;&#x9;at com.kms.katalon.core.webui.keyword.builtin.ClickKeyword$_click_closure1.doCall(ClickKeyword.groovy:77)&#xA;&#x9;at com.kms.katalon.core.webui.keyword.builtin.ClickKeyword$_click_closure1.call(ClickKeyword.groovy)&#xA;&#x9;at com.kms.katalon.core.webui.keyword.internal.WebUIKeywordMain.runKeyword(WebUIKeywordMain.groovy:20)&#xA;&#x9;... 19 more&#xA;"/>
            <system-out>2019-10-31 14:55:47 - [TEST_CASE][FAILED] - Test Cases/Footer/EOL_Global_Footer_TC011: Test Cases/Footer/EOL_Global_Footer_TC011 FAILED.
Reason:
com.kms.katalon.core.exception.StepFailedException: Unable to click on object 'Object Repository/Footer_OR/Page_Entertainment/Page_Entertainment/div_Work  Money7 Yoga' (Root cause: com.kms.katalon.core.exception.StepFailedException: Unable to click on object 'Object Repository/Footer_OR/Page_Entertainment/Page_Entertainment/div_Work  Money7 Yoga'
	at com.kms.katalon.core.webui.keyword.internal.WebUIKeywordMain.stepFailed(WebUIKeywordMain.groovy:64)
	at com.kms.katalon.core.webui.keyword.internal.WebUIKeywordMain.runKeyword(WebUIKeywordMain.groovy:26)
	at com.kms.katalon.core.webui.keyword.builtin.ClickKeyword.click(ClickKeyword.groovy:86)
	at com.kms.katalon.core.webui.keyword.builtin.ClickKeyword.execute(ClickKeyword.groovy:67)
	at com.kms.katalon.core.keyword.internal.KeywordExecutor.executeKeywordForPlatform(KeywordExecutor.groovy:56)
	at com.kms.katalon.core.webui.keyword.WebUiBuiltInKeywords.click(WebUiBuiltInKeywords.groovy:616)
	at com.kms.katalon.core.webui.keyword.WebUiBuiltInKeywords$click$2.call(Unknown Source)
	at EOL_Global_Footer_TC011.run(EOL_Global_Footer_TC011:25)
	at com.kms.katalon.core.main.ScriptEngine.run(ScriptEngine.java:194)
	at com.kms.katalon.core.main.ScriptEngine.runScriptAsRawText(ScriptEngine.java:119)
	at com.kms.katalon.core.main.TestCaseExecutor.runScript(TestCaseExecutor.java:337)
	at com.kms.katalon.core.main.TestCaseExecutor.doExecute(TestCaseExecutor.java:328)
	at com.kms.katalon.core.main.TestCaseExecutor.processExecutionPhase(TestCaseExecutor.java:307)
	at com.kms.katalon.core.main.TestCaseExecutor.accessMainPhase(TestCaseExecutor.java:299)
	at com.kms.katalon.core.main.TestCaseExecutor.execute(TestCaseExecutor.java:233)
	at com.kms.katalon.core.main.TestSuiteExecutor.accessTestCaseMainPhase(TestSuiteExecutor.java:169)
	at com.kms.katalon.core.main.TestSuiteExecutor.accessTestSuiteMainPhase(TestSuiteExecutor.java:142)
	at com.kms.katalon.core.main.TestSuiteExecutor.execute(TestSuiteExecutor.java:91)
	at com.kms.katalon.core.main.TestCaseMain.startTestSuite(TestCaseMain.java:157)
	at com.kms.katalon.core.main.TestCaseMain$startTestSuite$0.call(Unknown Source)
	at TempTestSuite1572513927816.run(TempTestSuite1572513927816.groovy:35)
Caused by: com.kms.katalon.core.webui.exception.WebElementNotFoundException: Web element with id: 'Object Repository/Footer_OR/Page_Entertainment/Page_Entertainment/div_Work  Money7 Yoga' located by 'By.xpath: (//div[@id='rbox-h2v'])[7]' not found
	at com.kms.katalon.core.webui.common.WebUiCommonHelper.findWebElement(WebUiCommonHelper.java:1097)
	at com.kms.katalon.core.webui.keyword.internal.WebUIAbstractKeyword.findWebElement(WebUIAbstractKeyword.groovy:27)
	at com.kms.katalon.core.webui.keyword.internal.WebUIAbstractKeyword.findWebElement(WebUIAbstractKeyword.groovy:26)
	at com.kms.katalon.core.webui.keyword.builtin.ClickKeyword$_click_closure1.doCall(ClickKeyword.groovy:77)
	at com.kms.katalon.core.webui.keyword.builtin.ClickKeyword$_click_closure1.call(ClickKeyword.groovy)
	at com.kms.katalon.core.webui.keyword.internal.WebUIKeywordMain.runKeyword(WebUIKeywordMain.groovy:20)
	at com.kms.katalon.core.webui.keyword.builtin.ClickKeyword.click(ClickKeyword.groovy:86)
	at com.kms.katalon.core.webui.keyword.builtin.ClickKeyword.execute(ClickKeyword.groovy:67)
	at com.kms.katalon.core.keyword.internal.KeywordExecutor.executeKeywordForPlatform(KeywordExecutor.groovy:56)
	at com.kms.katalon.core.webui.keyword.WebUiBuiltInKeywords.click(WebUiBuiltInKeywords.groovy:616)
	at com.kms.katalon.core.webui.keyword.WebUiBuiltInKeywords$click$2.call(Unknown Source)
	at Script1572507383138.run(Script1572507383138.groovy:25)
	... 13 more
)
	at com.kms.katalon.core.keyword.internal.KeywordMain.stepFailed(KeywordMain.groovy:39)
	at com.kms.katalon.core.webui.keyword.internal.WebUIKeywordMain.stepFailed(WebUIKeywordMain.groovy:64)
	at com.kms.katalon.core.webui.keyword.internal.WebUIKeywordMain.runKeyword(WebUIKeywordMain.groovy:26)
	at com.kms.katalon.core.webui.keyword.builtin.ClickKeyword.click(ClickKeyword.groovy:86)
	at com.kms.katalon.core.webui.keyword.builtin.ClickKeyword.execute(ClickKeyword.groovy:67)
	at com.kms.katalon.core.keyword.internal.KeywordExecutor.executeKeywordForPlatform(KeywordExecutor.groovy:56)
	at com.kms.katalon.core.webui.keyword.WebUiBuiltInKeywords.click(WebUiBuiltInKeywords.groovy:616)
	at com.kms.katalon.core.webui.keyword.WebUiBuiltInKeywords$click$2.call(Unknown Source)
	at EOL_Global_Footer_TC011.run(EOL_Global_Footer_TC011:25)
	at com.kms.katalon.core.main.ScriptEngine.run(ScriptEngine.java:194)
	at com.kms.katalon.core.main.ScriptEngine.runScriptAsRawText(ScriptEngine.java:119)
	at com.kms.katalon.core.main.TestCaseExecutor.runScript(TestCaseExecutor.java:337)
	at com.kms.katalon.core.main.TestCaseExecutor.doExecute(TestCaseExecutor.java:328)
	at com.kms.katalon.core.main.TestCaseExecutor.processExecutionPhase(TestCaseExecutor.java:307)
	at com.kms.katalon.core.main.TestCaseExecutor.accessMainPhase(TestCaseExecutor.java:299)
	at com.kms.katalon.core.main.TestCaseExecutor.execute(TestCaseExecutor.java:233)
	at com.kms.katalon.core.main.TestSuiteExecutor.accessTestCaseMainPhase(TestSuiteExecutor.java:169)
	at com.kms.katalon.core.main.TestSuiteExecutor.accessTestSuiteMainPhase(TestSuiteExecutor.java:142)
	at com.kms.katalon.core.main.TestSuiteExecutor.execute(TestSuiteExecutor.java:91)
	at com.kms.katalon.core.main.TestCaseMain.startTestSuite(TestCaseMain.java:157)
	at com.kms.katalon.core.main.TestCaseMain$startTestSuite$0.call(Unknown Source)
	at TempTestSuite1572513927816.run(TempTestSuite1572513927816.groovy:35)
Caused by: com.kms.katalon.core.exception.StepFailedException: Unable to click on object 'Object Repository/Footer_OR/Page_Entertainment/Page_Entertainment/div_Work  Money7 Yoga'
	... 21 more
Caused by: com.kms.katalon.core.webui.exception.WebElementNotFoundException: Web element with id: 'Object Repository/Footer_OR/Page_Entertainment/Page_Entertainment/div_Work  Money7 Yoga' located by 'By.xpath: (//div[@id='rbox-h2v'])[7]' not found
	at com.kms.katalon.core.webui.common.WebUiCommonHelper.findWebElement(WebUiCommonHelper.java:1097)
	at com.kms.katalon.core.webui.keyword.internal.WebUIAbstractKeyword.findWebElement(WebUIAbstractKeyword.groovy:27)
	at com.kms.katalon.core.webui.keyword.internal.WebUIAbstractKeyword.findWebElement(WebUIAbstractKeyword.groovy:26)
	at com.kms.katalon.core.webui.keyword.builtin.ClickKeyword$_click_closure1.doCall(ClickKeyword.groovy:77)
	at com.kms.katalon.core.webui.keyword.builtin.ClickKeyword$_click_closure1.call(ClickKeyword.groovy)
	at com.kms.katalon.core.webui.keyword.internal.WebUIKeywordMain.runKeyword(WebUIKeywordMain.groovy:20)
	... 19 more


2019-10-31 14:55:49 - [TEST_STEP][PASSED] - openBrowser(""): Browser is opened with url: ''

2019-10-31 14:55:50 - [MESSAGE][INFO] - Starting 'Chrome' driver

2019-10-31 14:55:50 - [MESSAGE][INFO] - Action delay is set to 0 seconds

2019-10-31 14:55:55 - [MESSAGE][PASSED] - Browser is opened with url: ''

2019-10-31 14:55:55 - [TEST_STEP][PASSED] - maximizeWindow(): Current window maximized

2019-10-31 14:55:56 - [MESSAGE][PASSED] - Current window maximized

2019-10-31 14:55:56 - [TEST_STEP][PASSED] - navigateToUrl("https://www.eonline.com/us"): Navigate to 'https://www.eonline.com/us' successfully

2019-10-31 14:56:19 - [MESSAGE][PASSED] - Navigate to 'https://www.eonline.com/us' successfully

2019-10-31 14:56:19 - [TEST_STEP][PASSED] - click(findTestObject("Object Repository/Footer_OR/Page_Entertainment/Page_Entertainment/a_No Thanks")): Object: 'Object Repository/Footer_OR/Page_Entertainment/Page_Entertainment/a_No Thanks' is clicked on

2019-10-31 14:56:20 - [MESSAGE][PASSED] - Object: 'Object Repository/Footer_OR/Page_Entertainment/Page_Entertainment/a_No Thanks' is clicked on

2019-10-31 14:56:20 - [TEST_STEP][FAILED] - click(findTestObject("Object Repository/Footer_OR/Page_Entertainment/Page_Entertainment/div_Work  Money7 Yoga")): Unable to click on object 'Object Repository/Footer_OR/Page_Entertainment/Page_Entertainment/div_Work  Money7 Yoga' (Root cause: com.kms.katalon.core.exception.StepFailedException: Unable to click on object 'Object Repository/Footer_OR/Page_Entertainment/Page_Entertainment/div_Work  Money7 Yoga'
	at com.kms.katalon.core.webui.keyword.internal.WebUIKeywordMain.stepFailed(WebUIKeywordMain.groovy:64)
	at com.kms.katalon.core.webui.keyword.internal.WebUIKeywordMain.runKeyword(WebUIKeywordMain.groovy:26)
	at com.kms.katalon.core.webui.keyword.builtin.ClickKeyword.click(ClickKeyword.groovy:86)
	at com.kms.katalon.core.webui.keyword.builtin.ClickKeyword.execute(ClickKeyword.groovy:67)
	at com.kms.katalon.core.keyword.internal.KeywordExecutor.executeKeywordForPlatform(KeywordExecutor.groovy:56)
	at com.kms.katalon.core.webui.keyword.WebUiBuiltInKeywords.click(WebUiBuiltInKeywords.groovy:616)
	at com.kms.katalon.core.webui.keyword.WebUiBuiltInKeywords$click$2.call(Unknown Source)
	at EOL_Global_Footer_TC011.run(EOL_Global_Footer_TC011:25)
	at com.kms.katalon.core.main.ScriptEngine.run(ScriptEngine.java:194)
	at com.kms.katalon.core.main.ScriptEngine.runScriptAsRawText(ScriptEngine.java:119)
	at com.kms.katalon.core.main.TestCaseExecutor.runScript(TestCaseExecutor.java:337)
	at com.kms.katalon.core.main.TestCaseExecutor.doExecute(TestCaseExecutor.java:328)
	at com.kms.katalon.core.main.TestCaseExecutor.processExecutionPhase(TestCaseExecutor.java:307)
	at com.kms.katalon.core.main.TestCaseExecutor.accessMainPhase(TestCaseExecutor.java:299)
	at com.kms.katalon.core.main.TestCaseExecutor.execute(TestCaseExecutor.java:233)
	at com.kms.katalon.core.main.TestSuiteExecutor.accessTestCaseMainPhase(TestSuiteExecutor.java:169)
	at com.kms.katalon.core.main.TestSuiteExecutor.accessTestSuiteMainPhase(TestSuiteExecutor.java:142)
	at com.kms.katalon.core.main.TestSuiteExecutor.execute(TestSuiteExecutor.java:91)
	at com.kms.katalon.core.main.TestCaseMain.startTestSuite(TestCaseMain.java:157)
	at com.kms.katalon.core.main.TestCaseMain$startTestSuite$0.call(Unknown Source)
	at TempTestSuite1572513927816.run(TempTestSuite1572513927816.groovy:35)
Caused by: com.kms.katalon.core.webui.exception.WebElementNotFoundException: Web element with id: 'Object Repository/Footer_OR/Page_Entertainment/Page_Entertainment/div_Work  Money7 Yoga' located by 'By.xpath: (//div[@id='rbox-h2v'])[7]' not found
	at com.kms.katalon.core.webui.common.WebUiCommonHelper.findWebElement(WebUiCommonHelper.java:1097)
	at com.kms.katalon.core.webui.keyword.internal.WebUIAbstractKeyword.findWebElement(WebUIAbstractKeyword.groovy:27)
	at com.kms.katalon.core.webui.keyword.internal.WebUIAbstractKeyword.findWebElement(WebUIAbstractKeyword.groovy:26)
	at com.kms.katalon.core.webui.keyword.builtin.ClickKeyword$_click_closure1.doCall(ClickKeyword.groovy:77)
	at com.kms.katalon.core.webui.keyword.builtin.ClickKeyword$_click_closure1.call(ClickKeyword.groovy)
	at com.kms.katalon.core.webui.keyword.internal.WebUIKeywordMain.runKeyword(WebUIKeywordMain.groovy:20)
	at com.kms.katalon.core.webui.keyword.builtin.ClickKeyword.click(ClickKeyword.groovy:86)
	at com.kms.katalon.core.webui.keyword.builtin.ClickKeyword.execute(ClickKeyword.groovy:67)
	at com.kms.katalon.core.keyword.internal.KeywordExecutor.executeKeywordForPlatform(KeywordExecutor.groovy:56)
	at com.kms.katalon.core.webui.keyword.WebUiBuiltInKeywords.click(WebUiBuiltInKeywords.groovy:616)
	at com.kms.katalon.core.webui.keyword.WebUiBuiltInKeywords$click$2.call(Unknown Source)
	at Script1572507383138.run(Script1572507383138.groovy:25)
	... 13 more
)

2019-10-31 14:56:52 - [MESSAGE][INFO] - Unable to find the element located by 'By.xpath: (//div[@id='rbox-h2v'])[7]'. Please recheck the objects properties to make sure the desired element is located. 

2019-10-31 14:56:52 - [MESSAGE][FAILED] - Unable to click on object 'Object Repository/Footer_OR/Page_Entertainment/Page_Entertainment/div_Work  Money7 Yoga' (Root cause: com.kms.katalon.core.exception.StepFailedException: Unable to click on object 'Object Repository/Footer_OR/Page_Entertainment/Page_Entertainment/div_Work  Money7 Yoga'
	at com.kms.katalon.core.webui.keyword.internal.WebUIKeywordMain.stepFailed(WebUIKeywordMain.groovy:64)
	at com.kms.katalon.core.webui.keyword.internal.WebUIKeywordMain.runKeyword(WebUIKeywordMain.groovy:26)
	at com.kms.katalon.core.webui.keyword.builtin.ClickKeyword.click(ClickKeyword.groovy:86)
	at com.kms.katalon.core.webui.keyword.builtin.ClickKeyword.execute(ClickKeyword.groovy:67)
	at com.kms.katalon.core.keyword.internal.KeywordExecutor.executeKeywordForPlatform(KeywordExecutor.groovy:56)
	at com.kms.katalon.core.webui.keyword.WebUiBuiltInKeywords.click(WebUiBuiltInKeywords.groovy:616)
	at com.kms.katalon.core.webui.keyword.WebUiBuiltInKeywords$click$2.call(Unknown Source)
	at EOL_Global_Footer_TC011.run(EOL_Global_Footer_TC011:25)
	at com.kms.katalon.core.main.ScriptEngine.run(ScriptEngine.java:194)
	at com.kms.katalon.core.main.ScriptEngine.runScriptAsRawText(ScriptEngine.java:119)
	at com.kms.katalon.core.main.TestCaseExecutor.runScript(TestCaseExecutor.java:337)
	at com.kms.katalon.core.main.TestCaseExecutor.doExecute(TestCaseExecutor.java:328)
	at com.kms.katalon.core.main.TestCaseExecutor.processExecutionPhase(TestCaseExecutor.java:307)
	at com.kms.katalon.core.main.TestCaseExecutor.accessMainPhase(TestCaseExecutor.java:299)
	at com.kms.katalon.core.main.TestCaseExecutor.execute(TestCaseExecutor.java:233)
	at com.kms.katalon.core.main.TestSuiteExecutor.accessTestCaseMainPhase(TestSuiteExecutor.java:169)
	at com.kms.katalon.core.main.TestSuiteExecutor.accessTestSuiteMainPhase(TestSuiteExecutor.java:142)
	at com.kms.katalon.core.main.TestSuiteExecutor.execute(TestSuiteExecutor.java:91)
	at com.kms.katalon.core.main.TestCaseMain.startTestSuite(TestCaseMain.java:157)
	at com.kms.katalon.core.main.TestCaseMain$startTestSuite$0.call(Unknown Source)
	at TempTestSuite1572513927816.run(TempTestSuite1572513927816.groovy:35)
Caused by: com.kms.katalon.core.webui.exception.WebElementNotFoundException: Web element with id: 'Object Repository/Footer_OR/Page_Entertainment/Page_Entertainment/div_Work  Money7 Yoga' located by 'By.xpath: (//div[@id='rbox-h2v'])[7]' not found
	at com.kms.katalon.core.webui.common.WebUiCommonHelper.findWebElement(WebUiCommonHelper.java:1097)
	at com.kms.katalon.core.webui.keyword.internal.WebUIAbstractKeyword.findWebElement(WebUIAbstractKeyword.groovy:27)
	at com.kms.katalon.core.webui.keyword.internal.WebUIAbstractKeyword.findWebElement(WebUIAbstractKeyword.groovy:26)
	at com.kms.katalon.core.webui.keyword.builtin.ClickKeyword$_click_closure1.doCall(ClickKeyword.groovy:77)
	at com.kms.katalon.core.webui.keyword.builtin.ClickKeyword$_click_closure1.call(ClickKeyword.groovy)
	at com.kms.katalon.core.webui.keyword.internal.WebUIKeywordMain.runKeyword(WebUIKeywordMain.groovy:20)
	at com.kms.katalon.core.webui.keyword.builtin.ClickKeyword.click(ClickKeyword.groovy:86)
	at com.kms.katalon.core.webui.keyword.builtin.ClickKeyword.execute(ClickKeyword.groovy:67)
	at com.kms.katalon.core.keyword.internal.KeywordExecutor.executeKeywordForPlatform(KeywordExecutor.groovy:56)
	at com.kms.katalon.core.webui.keyword.WebUiBuiltInKeywords.click(WebUiBuiltInKeywords.groovy:616)
	at com.kms.katalon.core.webui.keyword.WebUiBuiltInKeywords$click$2.call(Unknown Source)
	at Script1572507383138.run(Script1572507383138.groovy:25)
	... 13 more
)
[[ATTACHMENT|/Users/tringapps/Katalon Studio/Eonline_US_Demo/Reports/20191031_145527/Footer/Footer_TestSuite/20191031_145527/1572514012165.png]]

2019-10-31 14:56:52 - [TEST_STEP][PASSED] - click(findTestObject("Object Repository/Footer_OR/Page_Entertainment/Page_Entertainment/a_Promoted Links_footer__enews-logo footer__enews-logo--us")): Object: 'Object Repository/Footer_OR/Page_Entertainment/Page_Entertainment/a_Promoted Links_footer__enews-logo footer__enews-logo--us' is clicked on

2019-10-31 14:56:54 - [MESSAGE][PASSED] - Object: 'Object Repository/Footer_OR/Page_Entertainment/Page_Entertainment/a_Promoted Links_footer__enews-logo footer__enews-logo--us' is clicked on

2019-10-31 14:56:54 - [TEST_STEP][PASSED] - closeBrowser(): Browser is closed

2019-10-31 14:56:54 - [MESSAGE][PASSED] - Browser is closed</system-out>
            <system-err>2019-10-31 14:55:47 - [TEST_CASE][FAILED] - Test Cases/Footer/EOL_Global_Footer_TC011: Test Cases/Footer/EOL_Global_Footer_TC011 FAILED.
Reason:
com.kms.katalon.core.exception.StepFailedException: Unable to click on object 'Object Repository/Footer_OR/Page_Entertainment/Page_Entertainment/div_Work  Money7 Yoga' (Root cause: com.kms.katalon.core.exception.StepFailedException: Unable to click on object 'Object Repository/Footer_OR/Page_Entertainment/Page_Entertainment/div_Work  Money7 Yoga'
	at com.kms.katalon.core.webui.keyword.internal.WebUIKeywordMain.stepFailed(WebUIKeywordMain.groovy:64)
	at com.kms.katalon.core.webui.keyword.internal.WebUIKeywordMain.runKeyword(WebUIKeywordMain.groovy:26)
	at com.kms.katalon.core.webui.keyword.builtin.ClickKeyword.click(ClickKeyword.groovy:86)
	at com.kms.katalon.core.webui.keyword.builtin.ClickKeyword.execute(ClickKeyword.groovy:67)
	at com.kms.katalon.core.keyword.internal.KeywordExecutor.executeKeywordForPlatform(KeywordExecutor.groovy:56)
	at com.kms.katalon.core.webui.keyword.WebUiBuiltInKeywords.click(WebUiBuiltInKeywords.groovy:616)
	at com.kms.katalon.core.webui.keyword.WebUiBuiltInKeywords$click$2.call(Unknown Source)
	at EOL_Global_Footer_TC011.run(EOL_Global_Footer_TC011:25)
	at com.kms.katalon.core.main.ScriptEngine.run(ScriptEngine.java:194)
	at com.kms.katalon.core.main.ScriptEngine.runScriptAsRawText(ScriptEngine.java:119)
	at com.kms.katalon.core.main.TestCaseExecutor.runScript(TestCaseExecutor.java:337)
	at com.kms.katalon.core.main.TestCaseExecutor.doExecute(TestCaseExecutor.java:328)
	at com.kms.katalon.core.main.TestCaseExecutor.processExecutionPhase(TestCaseExecutor.java:307)
	at com.kms.katalon.core.main.TestCaseExecutor.accessMainPhase(TestCaseExecutor.java:299)
	at com.kms.katalon.core.main.TestCaseExecutor.execute(TestCaseExecutor.java:233)
	at com.kms.katalon.core.main.TestSuiteExecutor.accessTestCaseMainPhase(TestSuiteExecutor.java:169)
	at com.kms.katalon.core.main.TestSuiteExecutor.accessTestSuiteMainPhase(TestSuiteExecutor.java:142)
	at com.kms.katalon.core.main.TestSuiteExecutor.execute(TestSuiteExecutor.java:91)
	at com.kms.katalon.core.main.TestCaseMain.startTestSuite(TestCaseMain.java:157)
	at com.kms.katalon.core.main.TestCaseMain$startTestSuite$0.call(Unknown Source)
	at TempTestSuite1572513927816.run(TempTestSuite1572513927816.groovy:35)
Caused by: com.kms.katalon.core.webui.exception.WebElementNotFoundException: Web element with id: 'Object Repository/Footer_OR/Page_Entertainment/Page_Entertainment/div_Work  Money7 Yoga' located by 'By.xpath: (//div[@id='rbox-h2v'])[7]' not found
	at com.kms.katalon.core.webui.common.WebUiCommonHelper.findWebElement(WebUiCommonHelper.java:1097)
	at com.kms.katalon.core.webui.keyword.internal.WebUIAbstractKeyword.findWebElement(WebUIAbstractKeyword.groovy:27)
	at com.kms.katalon.core.webui.keyword.internal.WebUIAbstractKeyword.findWebElement(WebUIAbstractKeyword.groovy:26)
	at com.kms.katalon.core.webui.keyword.builtin.ClickKeyword$_click_closure1.doCall(ClickKeyword.groovy:77)
	at com.kms.katalon.core.webui.keyword.builtin.ClickKeyword$_click_closure1.call(ClickKeyword.groovy)
	at com.kms.katalon.core.webui.keyword.internal.WebUIKeywordMain.runKeyword(WebUIKeywordMain.groovy:20)
	at com.kms.katalon.core.webui.keyword.builtin.ClickKeyword.click(ClickKeyword.groovy:86)
	at com.kms.katalon.core.webui.keyword.builtin.ClickKeyword.execute(ClickKeyword.groovy:67)
	at com.kms.katalon.core.keyword.internal.KeywordExecutor.executeKeywordForPlatform(KeywordExecutor.groovy:56)
	at com.kms.katalon.core.webui.keyword.WebUiBuiltInKeywords.click(WebUiBuiltInKeywords.groovy:616)
	at com.kms.katalon.core.webui.keyword.WebUiBuiltInKeywords$click$2.call(Unknown Source)
	at Script1572507383138.run(Script1572507383138.groovy:25)
	... 13 more
)
	at com.kms.katalon.core.keyword.internal.KeywordMain.stepFailed(KeywordMain.groovy:39)
	at com.kms.katalon.core.webui.keyword.internal.WebUIKeywordMain.stepFailed(WebUIKeywordMain.groovy:64)
	at com.kms.katalon.core.webui.keyword.internal.WebUIKeywordMain.runKeyword(WebUIKeywordMain.groovy:26)
	at com.kms.katalon.core.webui.keyword.builtin.ClickKeyword.click(ClickKeyword.groovy:86)
	at com.kms.katalon.core.webui.keyword.builtin.ClickKeyword.execute(ClickKeyword.groovy:67)
	at com.kms.katalon.core.keyword.internal.KeywordExecutor.executeKeywordForPlatform(KeywordExecutor.groovy:56)
	at com.kms.katalon.core.webui.keyword.WebUiBuiltInKeywords.click(WebUiBuiltInKeywords.groovy:616)
	at com.kms.katalon.core.webui.keyword.WebUiBuiltInKeywords$click$2.call(Unknown Source)
	at EOL_Global_Footer_TC011.run(EOL_Global_Footer_TC011:25)
	at com.kms.katalon.core.main.ScriptEngine.run(ScriptEngine.java:194)
	at com.kms.katalon.core.main.ScriptEngine.runScriptAsRawText(ScriptEngine.java:119)
	at com.kms.katalon.core.main.TestCaseExecutor.runScript(TestCaseExecutor.java:337)
	at com.kms.katalon.core.main.TestCaseExecutor.doExecute(TestCaseExecutor.java:328)
	at com.kms.katalon.core.main.TestCaseExecutor.processExecutionPhase(TestCaseExecutor.java:307)
	at com.kms.katalon.core.main.TestCaseExecutor.accessMainPhase(TestCaseExecutor.java:299)
	at com.kms.katalon.core.main.TestCaseExecutor.execute(TestCaseExecutor.java:233)
	at com.kms.katalon.core.main.TestSuiteExecutor.accessTestCaseMainPhase(TestSuiteExecutor.java:169)
	at com.kms.katalon.core.main.TestSuiteExecutor.accessTestSuiteMainPhase(TestSuiteExecutor.java:142)
	at com.kms.katalon.core.main.TestSuiteExecutor.execute(TestSuiteExecutor.java:91)
	at com.kms.katalon.core.main.TestCaseMain.startTestSuite(TestCaseMain.java:157)
	at com.kms.katalon.core.main.TestCaseMain$startTestSuite$0.call(Unknown Source)
	at TempTestSuite1572513927816.run(TempTestSuite1572513927816.groovy:35)
Caused by: com.kms.katalon.core.exception.StepFailedException: Unable to click on object 'Object Repository/Footer_OR/Page_Entertainment/Page_Entertainment/div_Work  Money7 Yoga'
	... 21 more
Caused by: com.kms.katalon.core.webui.exception.WebElementNotFoundException: Web element with id: 'Object Repository/Footer_OR/Page_Entertainment/Page_Entertainment/div_Work  Money7 Yoga' located by 'By.xpath: (//div[@id='rbox-h2v'])[7]' not found
	at com.kms.katalon.core.webui.common.WebUiCommonHelper.findWebElement(WebUiCommonHelper.java:1097)
	at com.kms.katalon.core.webui.keyword.internal.WebUIAbstractKeyword.findWebElement(WebUIAbstractKeyword.groovy:27)
	at com.kms.katalon.core.webui.keyword.internal.WebUIAbstractKeyword.findWebElement(WebUIAbstractKeyword.groovy:26)
	at com.kms.katalon.core.webui.keyword.builtin.ClickKeyword$_click_closure1.doCall(ClickKeyword.groovy:77)
	at com.kms.katalon.core.webui.keyword.builtin.ClickKeyword$_click_closure1.call(ClickKeyword.groovy)
	at com.kms.katalon.core.webui.keyword.internal.WebUIKeywordMain.runKeyword(WebUIKeywordMain.groovy:20)
	... 19 more</system-err>
        </testcase>
        <testcase name="Test Cases/Footer/EOL_Global_Footer_TC012" classname="Test Cases/Footer/EOL_Global_Footer_TC012" status="PASSED">
            <system-out>2019-10-31 14:56:56 - [TEST_CASE][PASSED] - Test Cases/Footer/EOL_Global_Footer_TC012: Test Cases/Footer/EOL_Global_Footer_TC012

2019-10-31 14:56:57 - [TEST_STEP][PASSED] - openBrowser(""): Browser is opened with url: ''

2019-10-31 14:56:57 - [MESSAGE][INFO] - Starting 'Chrome' driver

2019-10-31 14:56:59 - [MESSAGE][PASSED] - Browser is opened with url: ''

2019-10-31 14:56:59 - [TEST_STEP][PASSED] - maximizeWindow(): Current window maximized

2019-10-31 14:57:00 - [MESSAGE][PASSED] - Current window maximized

2019-10-31 14:57:00 - [TEST_STEP][PASSED] - navigateToUrl("https://www.eonline.com/us"): Navigate to 'https://www.eonline.com/us' successfully

2019-10-31 14:57:16 - [MESSAGE][PASSED] - Navigate to 'https://www.eonline.com/us' successfully

2019-10-31 14:57:16 - [TEST_STEP][PASSED] - click(findTestObject("Object Repository/FooterObjects/a_No Thanks")): Object: 'Object Repository/FooterObjects/a_No Thanks' is clicked on

2019-10-31 14:57:17 - [MESSAGE][PASSED] - Object: 'Object Repository/FooterObjects/a_No Thanks' is clicked on

2019-10-31 14:57:17 - [TEST_STEP][PASSED] - rightClick(findTestObject("Object Repository/FooterObjects/a_About Us")): Object: 'Object Repository/FooterObjects/a_About Us' is right clicked on

2019-10-31 14:57:18 - [MESSAGE][PASSED] - Object: 'Object Repository/FooterObjects/a_About Us' is right clicked on

2019-10-31 14:57:18 - [TEST_STEP][PASSED] - click(findTestObject("Footer_OR/Footer/Page_Entertainment News Celebrity Gossip Celebrity News  E News/a_About Us")): Object: 'Object Repository/Footer_OR/Footer/Page_Entertainment News Celebrity Gossip Celebrity News  E News/a_About Us' is clicked on

2019-10-31 14:57:20 - [MESSAGE][PASSED] - Object: 'Object Repository/Footer_OR/Footer/Page_Entertainment News Celebrity Gossip Celebrity News  E News/a_About Us' is clicked on

2019-10-31 14:57:20 - [TEST_STEP][PASSED] - delay(5): Delayed 5 second(s)

2019-10-31 14:57:25 - [MESSAGE][PASSED] - Delayed 5 second(s)

2019-10-31 14:57:25 - [TEST_STEP][PASSED] - rightClick(findTestObject("Object Repository/FooterObjects/a_FAQ")): Object: 'Object Repository/FooterObjects/a_FAQ' is right clicked on

2019-10-31 14:57:30 - [MESSAGE][PASSED] - Object: 'Object Repository/FooterObjects/a_FAQ' is right clicked on

2019-10-31 14:57:30 - [TEST_STEP][PASSED] - click(findTestObject("Footer_OR/Footer/Page_Entertainment News Celebrity Gossip Celebrity News  E News/a_FAQ")): Object: 'Object Repository/Footer_OR/Footer/Page_Entertainment News Celebrity Gossip Celebrity News  E News/a_FAQ' is clicked on

2019-10-31 14:57:35 - [MESSAGE][PASSED] - Object: 'Object Repository/Footer_OR/Footer/Page_Entertainment News Celebrity Gossip Celebrity News  E News/a_FAQ' is clicked on

2019-10-31 14:57:35 - [TEST_STEP][PASSED] - rightClick(findTestObject("Object Repository/FooterObjects/a_Careers")): Object: 'Object Repository/FooterObjects/a_Careers' is right clicked on

2019-10-31 14:57:41 - [MESSAGE][PASSED] - Object: 'Object Repository/FooterObjects/a_Careers' is right clicked on

2019-10-31 14:57:41 - [TEST_STEP][PASSED] - click(findTestObject("Footer_OR/Footer/Page_Entertainment News Celebrity Gossip Celebrity News  E News/a_Careers")): Object: 'Object Repository/Footer_OR/Footer/Page_Entertainment News Celebrity Gossip Celebrity News  E News/a_Careers' is clicked on

2019-10-31 14:57:46 - [MESSAGE][PASSED] - Object: 'Object Repository/Footer_OR/Footer/Page_Entertainment News Celebrity Gossip Celebrity News  E News/a_Careers' is clicked on

2019-10-31 14:57:46 - [TEST_STEP][PASSED] - rightClick(findTestObject("Object Repository/FooterObjects/a_Contact Us")): Object: 'Object Repository/FooterObjects/a_Contact Us' is right clicked on

2019-10-31 14:57:52 - [MESSAGE][PASSED] - Object: 'Object Repository/FooterObjects/a_Contact Us' is right clicked on

2019-10-31 14:57:52 - [TEST_STEP][PASSED] - click(findTestObject("Footer_OR/Footer/Page_Entertainment News Celebrity Gossip Celebrity News  E News/a_Contact Us")): Object: 'Object Repository/Footer_OR/Footer/Page_Entertainment News Celebrity Gossip Celebrity News  E News/a_Contact Us' is clicked on

2019-10-31 14:57:58 - [MESSAGE][PASSED] - Object: 'Object Repository/Footer_OR/Footer/Page_Entertainment News Celebrity Gossip Celebrity News  E News/a_Contact Us' is clicked on

2019-10-31 14:57:58 - [TEST_STEP][PASSED] - rightClick(findTestObject("Object Repository/FooterObjects/a_Site Map")): Object: 'Object Repository/FooterObjects/a_Site Map' is right clicked on

2019-10-31 14:58:03 - [MESSAGE][PASSED] - Object: 'Object Repository/FooterObjects/a_Site Map' is right clicked on

2019-10-31 14:58:03 - [TEST_STEP][PASSED] - click(findTestObject("Footer_OR/Footer/Page_Entertainment News Celebrity Gossip Celebrity News  E News/a_Site Map")): Object: 'Object Repository/Footer_OR/Footer/Page_Entertainment News Celebrity Gossip Celebrity News  E News/a_Site Map' is clicked on

2019-10-31 14:58:08 - [MESSAGE][PASSED] - Object: 'Object Repository/Footer_OR/Footer/Page_Entertainment News Celebrity Gossip Celebrity News  E News/a_Site Map' is clicked on

2019-10-31 14:58:08 - [TEST_STEP][PASSED] - rightClick(findTestObject("Object Repository/FooterObjects/a_Apps")): Object: 'Object Repository/FooterObjects/a_Apps' is right clicked on

2019-10-31 14:58:14 - [MESSAGE][PASSED] - Object: 'Object Repository/FooterObjects/a_Apps' is right clicked on

2019-10-31 14:58:14 - [TEST_STEP][PASSED] - click(findTestObject("Footer_OR/Footer/Page_Entertainment News Celebrity Gossip Celebrity News  E News/a_Apps")): Object: 'Object Repository/Footer_OR/Footer/Page_Entertainment News Celebrity Gossip Celebrity News  E News/a_Apps' is clicked on

2019-10-31 14:58:19 - [MESSAGE][PASSED] - Object: 'Object Repository/Footer_OR/Footer/Page_Entertainment News Celebrity Gossip Celebrity News  E News/a_Apps' is clicked on

2019-10-31 14:58:19 - [TEST_STEP][PASSED] - rightClick(findTestObject("Object Repository/FooterObjects/a_Cookie Settings")): Object: 'Object Repository/FooterObjects/a_Cookie Settings' is right clicked on

2019-10-31 14:58:24 - [MESSAGE][PASSED] - Object: 'Object Repository/FooterObjects/a_Cookie Settings' is right clicked on

2019-10-31 14:58:24 - [TEST_STEP][PASSED] - click(findTestObject("Footer_OR/Footer/Page_Entertainment News Celebrity Gossip Celebrity News  E News/a_Cookie Settings")): Object: 'Object Repository/Footer_OR/Footer/Page_Entertainment News Celebrity Gossip Celebrity News  E News/a_Cookie Settings' is clicked on

2019-10-31 14:58:29 - [MESSAGE][PASSED] - Object: 'Object Repository/Footer_OR/Footer/Page_Entertainment News Celebrity Gossip Celebrity News  E News/a_Cookie Settings' is clicked on

2019-10-31 14:58:29 - [TEST_STEP][PASSED] - rightClick(findTestObject("Object Repository/FooterObjects/a_Show Schedule")): Object: 'Object Repository/FooterObjects/a_Show Schedule' is right clicked on

2019-10-31 14:58:35 - [MESSAGE][PASSED] - Object: 'Object Repository/FooterObjects/a_Show Schedule' is right clicked on

2019-10-31 14:58:35 - [TEST_STEP][PASSED] - click(findTestObject("Footer_OR/Footer/Page_Entertainment News Celebrity Gossip Celebrity News  E News/a_Show Schedule")): Object: 'Object Repository/Footer_OR/Footer/Page_Entertainment News Celebrity Gossip Celebrity News  E News/a_Show Schedule' is clicked on

2019-10-31 14:58:40 - [MESSAGE][PASSED] - Object: 'Object Repository/Footer_OR/Footer/Page_Entertainment News Celebrity Gossip Celebrity News  E News/a_Show Schedule' is clicked on

2019-10-31 14:58:40 - [TEST_STEP][PASSED] - rightClick(findTestObject("Object Repository/FooterObjects/a_ClosedCaptioning")): Object: 'Object Repository/FooterObjects/a_ClosedCaptioning' is right clicked on

2019-10-31 14:58:46 - [MESSAGE][PASSED] - Object: 'Object Repository/FooterObjects/a_ClosedCaptioning' is right clicked on

2019-10-31 14:58:46 - [TEST_STEP][PASSED] - click(findTestObject("Footer_OR/Footer/Page_Entertainment News Celebrity Gossip Celebrity News  E News/a_Closed                        Captioning")): Object: 'Object Repository/Footer_OR/Footer/Page_Entertainment News Celebrity Gossip Celebrity News  E News/a_Closed                        Captioning' is clicked on

2019-10-31 14:58:51 - [MESSAGE][PASSED] - Object: 'Object Repository/Footer_OR/Footer/Page_Entertainment News Celebrity Gossip Celebrity News  E News/a_Closed                        Captioning' is clicked on

2019-10-31 14:58:51 - [TEST_STEP][PASSED] - rightClick(findTestObject("Object Repository/FooterObjects/a_Watch Full Episodes")): Object: 'Object Repository/FooterObjects/a_Watch Full Episodes' is right clicked on

2019-10-31 14:58:57 - [MESSAGE][PASSED] - Object: 'Object Repository/FooterObjects/a_Watch Full Episodes' is right clicked on

2019-10-31 14:58:57 - [TEST_STEP][PASSED] - click(findTestObject("Footer_OR/Footer/Page_Entertainment News Celebrity Gossip Celebrity News  E News/a_Watch Full Episodes")): Object: 'Object Repository/Footer_OR/Footer/Page_Entertainment News Celebrity Gossip Celebrity News  E News/a_Watch Full Episodes' is clicked on

2019-10-31 14:59:02 - [MESSAGE][PASSED] - Object: 'Object Repository/Footer_OR/Footer/Page_Entertainment News Celebrity Gossip Celebrity News  E News/a_Watch Full Episodes' is clicked on

2019-10-31 14:59:02 - [TEST_STEP][PASSED] - rightClick(findTestObject("Object Repository/FooterObjects/a_Advertise")): Object: 'Object Repository/FooterObjects/a_Advertise' is right clicked on

2019-10-31 14:59:07 - [MESSAGE][PASSED] - Object: 'Object Repository/FooterObjects/a_Advertise' is right clicked on

2019-10-31 14:59:07 - [TEST_STEP][PASSED] - click(findTestObject("Footer_OR/Footer/Page_Entertainment News Celebrity Gossip Celebrity News  E News/a_Advertise")): Object: 'Object Repository/Footer_OR/Footer/Page_Entertainment News Celebrity Gossip Celebrity News  E News/a_Advertise' is clicked on

2019-10-31 14:59:13 - [MESSAGE][PASSED] - Object: 'Object Repository/Footer_OR/Footer/Page_Entertainment News Celebrity Gossip Celebrity News  E News/a_Advertise' is clicked on

2019-10-31 14:59:13 - [TEST_STEP][PASSED] - rightClick(findTestObject("Object Repository/FooterObjects/a_AdChoices")): Object: 'Object Repository/FooterObjects/a_AdChoices' is right clicked on

2019-10-31 14:59:19 - [MESSAGE][PASSED] - Object: 'Object Repository/FooterObjects/a_AdChoices' is right clicked on

2019-10-31 14:59:19 - [TEST_STEP][PASSED] - click(findTestObject("Footer_OR/Footer/Page_Entertainment News Celebrity Gossip Celebrity News  E News/a_AdChoices")): Object: 'Object Repository/Footer_OR/Footer/Page_Entertainment News Celebrity Gossip Celebrity News  E News/a_AdChoices' is clicked on

2019-10-31 14:59:24 - [MESSAGE][PASSED] - Object: 'Object Repository/Footer_OR/Footer/Page_Entertainment News Celebrity Gossip Celebrity News  E News/a_AdChoices' is clicked on

2019-10-31 14:59:24 - [TEST_STEP][PASSED] - rightClick(findTestObject("Object Repository/FooterObjects/a_RSS Feeds")): Object: 'Object Repository/FooterObjects/a_RSS Feeds' is right clicked on

2019-10-31 14:59:30 - [MESSAGE][PASSED] - Object: 'Object Repository/FooterObjects/a_RSS Feeds' is right clicked on

2019-10-31 14:59:30 - [TEST_STEP][PASSED] - click(findTestObject("Footer_OR/Footer/Page_Entertainment News Celebrity Gossip Celebrity News  E News/a_RSS Feeds")): Object: 'Object Repository/Footer_OR/Footer/Page_Entertainment News Celebrity Gossip Celebrity News  E News/a_RSS Feeds' is clicked on

2019-10-31 14:59:35 - [MESSAGE][PASSED] - Object: 'Object Repository/Footer_OR/Footer/Page_Entertainment News Celebrity Gossip Celebrity News  E News/a_RSS Feeds' is clicked on

2019-10-31 14:59:35 - [TEST_STEP][PASSED] - rightClick(findTestObject("Object Repository/FooterObjects/a_Peoples Choice")): Object: 'Object Repository/FooterObjects/a_Peoples Choice' is right clicked on

2019-10-31 14:59:40 - [MESSAGE][PASSED] - Object: 'Object Repository/FooterObjects/a_Peoples Choice' is right clicked on

2019-10-31 14:59:40 - [TEST_STEP][PASSED] - click(findTestObject("Footer_OR/Footer/Page_Entertainment News Celebrity Gossip Celebrity News  E News/a_Peoples Choice")): Object: 'Object Repository/Footer_OR/Footer/Page_Entertainment News Celebrity Gossip Celebrity News  E News/a_Peoples Choice' is clicked on

2019-10-31 14:59:46 - [MESSAGE][PASSED] - Object: 'Object Repository/Footer_OR/Footer/Page_Entertainment News Celebrity Gossip Celebrity News  E News/a_Peoples Choice' is clicked on

2019-10-31 14:59:46 - [TEST_STEP][PASSED] - rightClick(findTestObject("Object Repository/FooterObjects/a_Peoples Choice FAQ")): Object: 'Object Repository/FooterObjects/a_Peoples Choice FAQ' is right clicked on

2019-10-31 14:59:51 - [MESSAGE][PASSED] - Object: 'Object Repository/FooterObjects/a_Peoples Choice FAQ' is right clicked on

2019-10-31 14:59:51 - [TEST_STEP][PASSED] - click(findTestObject("Footer_OR/Footer/Page_Entertainment News Celebrity Gossip Celebrity News  E News/a_Peoples Choice FAQ")): Object: 'Object Repository/Footer_OR/Footer/Page_Entertainment News Celebrity Gossip Celebrity News  E News/a_Peoples Choice FAQ' is clicked on

2019-10-31 14:59:57 - [MESSAGE][PASSED] - Object: 'Object Repository/Footer_OR/Footer/Page_Entertainment News Celebrity Gossip Celebrity News  E News/a_Peoples Choice FAQ' is clicked on

2019-10-31 14:59:57 - [TEST_STEP][PASSED] - rightClick(findTestObject("Object Repository/FooterObjects/a_ClickHere")): Object: 'Object Repository/FooterObjects/a_ClickHere' is right clicked on

2019-10-31 15:00:03 - [MESSAGE][PASSED] - Object: 'Object Repository/FooterObjects/a_ClickHere' is right clicked on

2019-10-31 15:00:03 - [TEST_STEP][PASSED] - click(findTestObject("Footer_OR/Footer/Page_Entertainment News Celebrity Gossip Celebrity News  E News/a_Click                Here")): Object: 'Object Repository/Footer_OR/Footer/Page_Entertainment News Celebrity Gossip Celebrity News  E News/a_Click                Here' is clicked on

2019-10-31 15:00:08 - [MESSAGE][PASSED] - Object: 'Object Repository/Footer_OR/Footer/Page_Entertainment News Celebrity Gossip Celebrity News  E News/a_Click                Here' is clicked on

2019-10-31 15:00:08 - [TEST_STEP][PASSED] - rightClick(findTestObject("Object Repository/FooterObjects/a_New Privacy Policy")): Object: 'Object Repository/FooterObjects/a_New Privacy Policy' is right clicked on

2019-10-31 15:00:14 - [MESSAGE][PASSED] - Object: 'Object Repository/FooterObjects/a_New Privacy Policy' is right clicked on

2019-10-31 15:00:14 - [TEST_STEP][PASSED] - click(findTestObject("Footer_OR/Footer/Page_Entertainment News Celebrity Gossip Celebrity News  E News/a_New Privacy Policy")): Object: 'Object Repository/Footer_OR/Footer/Page_Entertainment News Celebrity Gossip Celebrity News  E News/a_New Privacy Policy' is clicked on

2019-10-31 15:00:19 - [MESSAGE][PASSED] - Object: 'Object Repository/Footer_OR/Footer/Page_Entertainment News Celebrity Gossip Celebrity News  E News/a_New Privacy Policy' is clicked on

2019-10-31 15:00:19 - [TEST_STEP][PASSED] - rightClick(findTestObject("Object Repository/FooterObjects/a_Terms of Service")): Object: 'Object Repository/FooterObjects/a_Terms of Service' is right clicked on

2019-10-31 15:00:24 - [MESSAGE][PASSED] - Object: 'Object Repository/FooterObjects/a_Terms of Service' is right clicked on

2019-10-31 15:00:24 - [TEST_STEP][PASSED] - click(findTestObject("Footer_OR/Footer/Page_Entertainment News Celebrity Gossip Celebrity News  E News/a_Terms of Service")): Object: 'Object Repository/Footer_OR/Footer/Page_Entertainment News Celebrity Gossip Celebrity News  E News/a_Terms of Service' is clicked on

2019-10-31 15:00:30 - [MESSAGE][PASSED] - Object: 'Object Repository/Footer_OR/Footer/Page_Entertainment News Celebrity Gossip Celebrity News  E News/a_Terms of Service' is clicked on

2019-10-31 15:00:30 - [TEST_STEP][PASSED] - rightClick(findTestObject("Object Repository/FooterObjects/a_IndependentProgrammingReport")): Object: 'Object Repository/FooterObjects/a_IndependentProgrammingReport' is right clicked on

2019-10-31 15:00:35 - [MESSAGE][PASSED] - Object: 'Object Repository/FooterObjects/a_IndependentProgrammingReport' is right clicked on

2019-10-31 15:00:35 - [TEST_STEP][PASSED] - click(findTestObject("Footer_OR/Footer/Page_Entertainment News Celebrity Gossip Celebrity News  E News/a_Independent Programming Report")): Object: 'Object Repository/Footer_OR/Footer/Page_Entertainment News Celebrity Gossip Celebrity News  E News/a_Independent Programming Report' is clicked on

2019-10-31 15:00:40 - [MESSAGE][PASSED] - Object: 'Object Repository/Footer_OR/Footer/Page_Entertainment News Celebrity Gossip Celebrity News  E News/a_Independent Programming Report' is clicked on

2019-10-31 15:00:40 - [TEST_STEP][PASSED] - rightClick(findTestObject("Object Repository/FooterObjects/div_New Privacy PolicyTerms of Service                                                                                                        Independent Programming Report")): Object: 'Object Repository/FooterObjects/div_New Privacy PolicyTerms of Service                                                                                                        Independent Programming Report' is right clicked on

2019-10-31 15:00:46 - [MESSAGE][PASSED] - Object: 'Object Repository/FooterObjects/div_New Privacy PolicyTerms of Service                                                                                                        Independent Programming Report' is right clicked on

2019-10-31 15:00:46 - [TEST_STEP][PASSED] - click(findTestObject("Object Repository/FooterObjects/div_New Privacy PolicyTerms of Service                                                                                                        Independent Programming Report")): Object: 'Object Repository/FooterObjects/div_New Privacy PolicyTerms of Service                                                                                                        Independent Programming Report' is clicked on

2019-10-31 15:00:51 - [MESSAGE][PASSED] - Object: 'Object Repository/FooterObjects/div_New Privacy PolicyTerms of Service                                                                                                        Independent Programming Report' is clicked on

2019-10-31 15:00:51 - [TEST_STEP][PASSED] - click(findTestObject("Object Repository/FooterObjects/a_footer__eonline-logo")): Object: 'Object Repository/FooterObjects/a_footer__eonline-logo' is clicked on

2019-10-31 15:00:57 - [MESSAGE][PASSED] - Object: 'Object Repository/FooterObjects/a_footer__eonline-logo' is clicked on

2019-10-31 15:00:57 - [TEST_STEP][PASSED] - delay(5): Delayed 5 second(s)

2019-10-31 15:01:02 - [MESSAGE][PASSED] - Delayed 5 second(s)

2019-10-31 15:01:02 - [TEST_STEP][PASSED] - closeBrowser(): Browser is closed

2019-10-31 15:01:03 - [MESSAGE][PASSED] - Browser is closed</system-out>
            <system-err></system-err>
        </testcase>
        <system-out>2019-10-31 14:55:46 - [TEST_SUITE][INCOMPLETE] - Footer_TestSuite: null</system-out>
        <system-err>2019-10-31 14:55:46 - [TEST_SUITE][INCOMPLETE] - Footer_TestSuite: null</system-err>
    </testsuite>
</testsuites>
