<?xml version="1.0" encoding="UTF-8" standalone="yes"?>
<testsuites name="Newsletter" time="33" tests="1" failures="0" errors="0">
    <testsuite name="Newsletter" tests="1" failures="0" errors="0" time="33" timestamp="2019-11-01 13:03:04" hostname="tringapps - 10.1.0.104" id="Test Suites/Newsletter">
        <properties>
            <property name="deviceName" value=""/>
            <property name="devicePlatform" value=""/>
            <property name="logFolder" value="/Users/tringapps/git/TestGit/Reports/20191101_130252/Newsletter/20191101_130252"/>
            <property name="logFiles" value="/Users/tringapps/git/TestGit/Reports/20191101_130252/Newsletter/20191101_130252/execution0.log"/>
            <property name="attachments" value=""/>
            <property name="hostName" value="tringapps - 10.1.0.104"/>
            <property name="os" value="Mac OS X 64bit"/>
            <property name="katalonVersion" value="6.3.3.11"/>
            <property name="browser" value="Chrome 78.0.3904.70"/>
            <property name="hostAddress" value="10.1.0.104"/>
            <property name="sessionId" value="567a0a4e78c2f9d8c5f4834eac074a10"/>
            <property name="seleniumVersion" value="3.141.59"/>
            <property name="proxyInformation" value="ProxyInformation{proxyOption=NO_PROXY, proxyServerType=HTTP, password=, proxyServerAddress=, proxyServerPort=0}"/>
            <property name="platform" value="Mac OS X"/>
        </properties>
        <testcase name="Test Cases/DataDrivenTests/EOL_Global_Header_TC013" classname="Test Cases/DataDrivenTests/EOL_Global_Header_TC013" status="PASSED">
            <system-out>2019-11-01 13:03:05 - [TEST_CASE][PASSED] - Test Cases/DataDrivenTests/EOL_Global_Header_TC013: Test Cases/DataDrivenTests/EOL_Global_Header_TC013

2019-11-01 13:03:10 - [TEST_STEP][PASSED] - openBrowser(""): Browser is opened with url: ''

2019-11-01 13:03:11 - [MESSAGE][INFO] - Starting 'Chrome' driver

2019-11-01 13:03:11 - [MESSAGE][INFO] - Action delay is set to 0 seconds

2019-11-01 13:03:21 - [MESSAGE][PASSED] - Browser is opened with url: ''

2019-11-01 13:03:21 - [TEST_STEP][PASSED] - maximizeWindow(): Current window maximized

2019-11-01 13:03:21 - [MESSAGE][PASSED] - Current window maximized

2019-11-01 13:03:22 - [TEST_STEP][PASSED] - navigateToUrl("https://www.eonline.com/newsletter"): Navigate to 'https://www.eonline.com/newsletter' successfully

2019-11-01 13:03:31 - [MESSAGE][PASSED] - Navigate to 'https://www.eonline.com/newsletter' successfully

2019-11-01 13:03:31 - [TEST_STEP][PASSED] - click(findTestObject("Object Repository/Newsletter/Page_Newsletter  E Online/span_news_newsletter-landing__radio")): Object: 'Object Repository/Newsletter/Page_Newsletter  E Online/span_news_newsletter-landing__radio' is clicked on

2019-11-01 13:03:32 - [MESSAGE][PASSED] - Object: 'Object Repository/Newsletter/Page_Newsletter  E Online/span_news_newsletter-landing__radio' is clicked on

2019-11-01 13:03:32 - [TEST_STEP][PASSED] - setText(findTestObject("Object Repository/Newsletter/Page_Newsletter  E Online/input_Weekly_newsletter-landing__input"), MailID): Text 'jananisuba.s@tringapps.com' is set on object 'Object Repository/Newsletter/Page_Newsletter  E Online/input_Weekly_newsletter-landing__input'

2019-11-01 13:03:34 - [MESSAGE][PASSED] - Text 'jananisuba.s@tringapps.com' is set on object 'Object Repository/Newsletter/Page_Newsletter  E Online/input_Weekly_newsletter-landing__input'

2019-11-01 13:03:34 - [TEST_STEP][PASSED] - click(findTestObject("Object Repository/Newsletter/Page_Newsletter  E Online/input_Weekly_glossy__btn newsletter-landing__btn")): Object: 'Object Repository/Newsletter/Page_Newsletter  E Online/input_Weekly_glossy__btn newsletter-landing__btn' is clicked on

2019-11-01 13:03:34 - [MESSAGE][PASSED] - Object: 'Object Repository/Newsletter/Page_Newsletter  E Online/input_Weekly_glossy__btn newsletter-landing__btn' is clicked on

2019-11-01 13:03:34 - [TEST_STEP][PASSED] - verifyElementPresent(findTestObject("Object Repository/Newsletter/Page_Newsletter  E Online/p_Thank you for subscribing"), 0): Object 'Object Repository/Newsletter/Page_Newsletter  E Online/p_Thank you for subscribing' is present

2019-11-01 13:03:35 - [MESSAGE][WARNING] - Timeout '0' is invalid. Using default page load timeout: '10'

2019-11-01 13:03:35 - [MESSAGE][PASSED] - Object 'Object Repository/Newsletter/Page_Newsletter  E Online/p_Thank you for subscribing' is present

2019-11-01 13:03:35 - [TEST_STEP][PASSED] - closeBrowser(): Browser is closed

2019-11-01 13:03:35 - [MESSAGE][PASSED] - Browser is closed</system-out>
            <system-err></system-err>
        </testcase>
        <system-out>2019-11-01 13:03:04 - [TEST_SUITE][INCOMPLETE] - Newsletter: null</system-out>
        <system-err>2019-11-01 13:03:04 - [TEST_SUITE][INCOMPLETE] - Newsletter: null</system-err>
    </testsuite>
</testsuites>
